This file contains any messages produced by compilers while
running configure, to aid debugging if configure makes a mistake.

It was created by libusb-compat configure 0.1.4, which was
generated by GNU Autoconf 2.68.  Invocation command line was

  $ ./configure --bindir=/build

## --------- ##
## Platform. ##
## --------- ##

hostname = linux-rjni.site
uname -m = x86_64
uname -r = 3.11.10-7-desktop
uname -s = Linux
uname -v = #1 SMP PREEMPT Mon Feb 3 09:41:24 UTC 2014 (750023e)

/usr/bin/uname -p = x86_64
/bin/uname -X     = unknown

/bin/arch              = x86_64
/usr/bin/arch -k       = unknown
/usr/convex/getsysinfo = unknown
/usr/bin/hostinfo      = unknown
/bin/machine           = unknown
/usr/bin/oslevel       = unknown
/bin/universe          = unknown

PATH: /usr/lib64/mpi/gcc/openmpi/bin
PATH: /usr/local/bin
PATH: /usr/bin
PATH: /bin
PATH: /usr/bin/X11
PATH: /usr/X11R6/bin
PATH: /usr/games
PATH: /usr/lib/mit/bin


## ----------- ##
## Core tests. ##
## ----------- ##

configure:2013: loading site script /usr/share/site/x86_64-unknown-linux-gnu
| #!/bin/sh
| # Site script for configure. It is resourced via $CONFIG_SITE environment varaible.
| 
| # If user did not specify libdir, guess the correct target:
| # Use lib64 for 64 bit bi-arch targets, keep the default for the rest.
| if test "$libdir" = '${exec_prefix}/lib' ; then
| 
| 	ac_config_site_64bit_host=NONE
| 
| 	case "$host" in
| 	"" )
| 		# User did not specify host target.
| 		# The native platform x86_64 is a bi-arch platform.
| 		# Try to detect cross-compilation to inferior architecture.
| 
| 		# We are trying to guess 32-bit target compilation. It's not as easy as
| 		# it sounds, as there is possible several intermediate combinations.
| 		ac_config_site_cross_to_32bit_host=NONE
| 
| 		# User defined -m32 in CFLAGS or CXXFLAGS:
| 		# (It's sufficient for 32-bit, but alone may cause mis-behavior of some checks.)
| 		case "$CFLAGS" in
| 		*-m32*)
| 			ac_config_site_cross_to_32bit_host=YES
| 			;;
| 		esac
| 		case "$CXXFLAGS" in
| 		*-m32*)
| 			ac_config_site_cross_to_32bit_host=YES
| 			;;
| 		esac
| 
| 		# Running with linux32:
| 		# (Changes detected platform, but not the toolchain target.)
| 		case "`/bin/uname -i`" in
| 		x86_64 | ppc64 | s390x )
| 			;;
| 		* )
| 			ac_config_site_cross_to_32bit_host=YES
| 			;;
| 		esac
| 
| 		if test "x$ac_config_site_cross_to_32bit_host" = xNONE; then
| 			ac_config_site_64bit_host=YES
| 		fi
| 
| 		;;
| 	*x86_64* | *ppc64* | *s390x* )
| 		ac_config_site_64bit_host=YES
| 		;;
| 	esac
| 
| 	if test "x$ac_config_site_64bit_host" = xYES; then
| 		libdir='${exec_prefix}/lib64'
| 	fi
| fi
| 
| # If user did not specify libexecdir, set the correct target:
| # Nor FHS nor openSUSE allow prefix/libexec. Let's default to prefix/lib.
| 
| if test "$libexecdir" = '${exec_prefix}/libexec' ; then
| 	libexecdir='${exec_prefix}/lib'
| fi
| 
| # Continue with the standard behavior of configure defined in AC_SITE_LOAD:
| if test "x$prefix" != xNONE; then
| 	ac_site_file1=$prefix/share/config.site
| 	ac_site_file2=$prefix/etc/config.site
| else
| 	ac_site_file1=$ac_default_prefix/share/config.site
| 	ac_site_file2=$ac_default_prefix/etc/config.site
| fi
| for ac_site_file in "$ac_site_file1" "$ac_site_file2"
| do
| 	test "x$ac_site_file" = xNONE && continue
| 	if test /dev/null != "$ac_site_file" && test -r "$ac_site_file"; then
| 		{ $as_echo "/usr/share/site/x86_64-unknown-linux-gnu:${as_lineno-$LINENO}: loading site script $ac_site_file" >&5
| $as_echo "/usr/share/site/x86_64-unknown-linux-gnu: loading site script $ac_site_file" >&6;}
| 		sed 's/^/| /' "$ac_site_file" >&5
| 		. "$ac_site_file" \
| 			|| { { $as_echo "/usr/share/site/x86_64-unknown-linux-gnu:${as_lineno-$LINENO}: error: in \`$ac_pwd':" >&5
| $as_echo "/usr/share/site/x86_64-unknown-linux-gnu: error: in \`$ac_pwd':" >&2;}
| as_fn_error $? "failed to load site script $ac_site_file
| See \`config.log' for more details" "$LINENO" 5; }
| 	fi
| done
configure:2154: checking for a BSD-compatible install
configure:2222: result: /usr/bin/install -c
configure:2233: checking whether build environment is sane
configure:2283: result: yes
configure:2424: checking for a thread-safe mkdir -p
configure:2463: result: /usr/bin/mkdir -p
configure:2476: checking for gawk
configure:2492: found /usr/bin/gawk
configure:2503: result: gawk
configure:2514: checking whether make sets $(MAKE)
configure:2536: result: yes
configure:2670: checking for gcc
configure:2686: found /usr/bin/gcc
configure:2697: result: gcc
configure:2926: checking for C compiler version
configure:2935: gcc --version >&5
gcc (SUSE Linux) 4.8.1 20130909 [gcc-4_8-branch revision 202388]
Copyright (C) 2013 Free Software Foundation, Inc.
This is free software; see the source for copying conditions.  There is NO
warranty; not even for MERCHANTABILITY or FITNESS FOR A PARTICULAR PURPOSE.

configure:2946: $? = 0
configure:2935: gcc -v >&5
Using built-in specs.
COLLECT_GCC=gcc
COLLECT_LTO_WRAPPER=/usr/lib64/gcc/x86_64-suse-linux/4.8/lto-wrapper
Target: x86_64-suse-linux
Configured with: ../configure --prefix=/usr --infodir=/usr/share/info --mandir=/usr/share/man --libdir=/usr/lib64 --libexecdir=/usr/lib64 --enable-languages=c,c++,objc,fortran,obj-c++,java,ada --enable-checking=release --with-gxx-include-dir=/usr/include/c++/4.8 --enable-ssp --disable-libssp --disable-plugin --with-bugurl=http://bugs.opensuse.org/ --with-pkgversion='SUSE Linux' --disable-libgcj --disable-libmudflap --with-slibdir=/lib64 --with-system-zlib --enable-__cxa_atexit --enable-libstdcxx-allocator=new --disable-libstdcxx-pch --enable-version-specific-runtime-libs --enable-linker-build-id --program-suffix=-4.8 --enable-linux-futex --without-system-libunwind --with-arch-32=i586 --with-tune=generic --build=x86_64-suse-linux
Thread model: posix
gcc version 4.8.1 20130909 [gcc-4_8-branch revision 202388] (SUSE Linux) 
configure:2946: $? = 0
configure:2935: gcc -V >&5
gcc: error: unrecognized command line option '-V'
gcc: fatal error: no input files
compilation terminated.
configure:2946: $? = 1
configure:2935: gcc -qversion >&5
gcc: error: unrecognized command line option '-qversion'
gcc: fatal error: no input files
compilation terminated.
configure:2946: $? = 1
configure:2966: checking whether the C compiler works
configure:2988: gcc    conftest.c  >&5
configure:2992: $? = 0
configure:3040: result: yes
configure:3043: checking for C compiler default output file name
configure:3045: result: a.out
configure:3051: checking for suffix of executables
configure:3058: gcc -o conftest    conftest.c  >&5
configure:3062: $? = 0
configure:3084: result: 
configure:3106: checking whether we are cross compiling
configure:3114: gcc -o conftest    conftest.c  >&5
configure:3118: $? = 0
configure:3125: ./conftest
configure:3129: $? = 0
configure:3144: result: no
configure:3149: checking for suffix of object files
configure:3171: gcc -c   conftest.c >&5
configure:3175: $? = 0
configure:3196: result: o
configure:3200: checking whether we are using the GNU C compiler
configure:3219: gcc -c   conftest.c >&5
configure:3219: $? = 0
configure:3228: result: yes
configure:3237: checking whether gcc accepts -g
configure:3257: gcc -c -g  conftest.c >&5
configure:3257: $? = 0
configure:3298: result: yes
configure:3315: checking for gcc option to accept ISO C89
configure:3379: gcc  -c -g -O2  conftest.c >&5
configure:3379: $? = 0
configure:3392: result: none needed
configure:3423: checking for style of include used by make
configure:3451: result: GNU
configure:3476: checking dependency style of gcc
configure:3586: result: gcc3
configure:3630: checking build system type
configure:3644: result: x86_64-unknown-linux-gnu
configure:3664: checking host system type
configure:3677: result: x86_64-unknown-linux-gnu
configure:3718: checking how to print strings
configure:3745: result: printf
configure:3766: checking for a sed that does not truncate output
configure:3830: result: /usr/bin/sed
configure:3848: checking for grep that handles long lines and -e
configure:3906: result: /usr/bin/grep
configure:3911: checking for egrep
configure:3973: result: /usr/bin/grep -E
configure:3978: checking for fgrep
configure:4040: result: /usr/bin/grep -F
configure:4075: checking for ld used by gcc
configure:4142: result: /usr/x86_64-suse-linux/bin/ld
configure:4149: checking if the linker (/usr/x86_64-suse-linux/bin/ld) is GNU ld
configure:4164: result: yes
configure:4176: checking for BSD- or MS-compatible name lister (nm)
configure:4225: result: /usr/bin/nm -B
configure:4355: checking the name lister (/usr/bin/nm -B) interface
configure:4362: gcc -c -g -O2  conftest.c >&5
configure:4365: /usr/bin/nm -B "conftest.o"
configure:4368: output
0000000000000000 B some_variable
configure:4375: result: BSD nm
configure:4378: checking whether ln -s works
configure:4382: result: yes
configure:4390: checking the maximum length of command line arguments
configure:4515: result: 1572864
configure:4532: checking whether the shell understands some XSI constructs
configure:4542: result: yes
configure:4546: checking whether the shell understands "+="
configure:4552: result: yes
configure:4587: checking for /usr/x86_64-suse-linux/bin/ld option to reload object files
configure:4594: result: -r
configure:4663: checking for objdump
configure:4679: found /usr/bin/objdump
configure:4690: result: objdump
configure:4722: checking how to recognize dependent libraries
configure:4924: result: pass_all
configure:4984: checking for ar
configure:5000: found /usr/bin/ar
configure:5011: result: ar
configure:5089: checking for strip
configure:5105: found /usr/bin/strip
configure:5116: result: strip
configure:5188: checking for ranlib
configure:5204: found /usr/bin/ranlib
configure:5215: result: ranlib
configure:5317: checking command to parse /usr/bin/nm -B output from gcc object
configure:5435: gcc -c -g -O2  conftest.c >&5
configure:5438: $? = 0
configure:5442: /usr/bin/nm -B conftest.o \| sed -n -e 's/^.*[ ]\([ABCDGIRSTW][ABCDGIRSTW]*\)[ ][ ]*\([_A-Za-z][_A-Za-z0-9]*\)$/\1 \2 \2/p' \> conftest.nm
configure:5445: $? = 0
configure:5499: gcc -o conftest -g -O2   conftest.c conftstm.o >&5
configure:5502: $? = 0
configure:5540: result: ok
configure:5636: gcc -c -g -O2  conftest.c >&5
configure:5639: $? = 0
configure:6381: checking how to run the C preprocessor
configure:6412: gcc -E  conftest.c
configure:6412: $? = 0
configure:6426: gcc -E  conftest.c
conftest.c:11:28: fatal error: ac_nonexistent.h: No such file or directory
 #include <ac_nonexistent.h>
                            ^
compilation terminated.
configure:6426: $? = 1
configure: failed program was:
| /* confdefs.h */
| #define PACKAGE_NAME "libusb-compat"
| #define PACKAGE_TARNAME "libusb-compat"
| #define PACKAGE_VERSION "0.1.4"
| #define PACKAGE_STRING "libusb-compat 0.1.4"
| #define PACKAGE_BUGREPORT ""
| #define PACKAGE_URL ""
| #define PACKAGE "libusb-compat"
| #define VERSION "0.1.4"
| /* end confdefs.h.  */
| #include <ac_nonexistent.h>
configure:6451: result: gcc -E
configure:6471: gcc -E  conftest.c
configure:6471: $? = 0
configure:6485: gcc -E  conftest.c
conftest.c:11:28: fatal error: ac_nonexistent.h: No such file or directory
 #include <ac_nonexistent.h>
                            ^
compilation terminated.
configure:6485: $? = 1
configure: failed program was:
| /* confdefs.h */
| #define PACKAGE_NAME "libusb-compat"
| #define PACKAGE_TARNAME "libusb-compat"
| #define PACKAGE_VERSION "0.1.4"
| #define PACKAGE_STRING "libusb-compat 0.1.4"
| #define PACKAGE_BUGREPORT ""
| #define PACKAGE_URL ""
| #define PACKAGE "libusb-compat"
| #define VERSION "0.1.4"
| /* end confdefs.h.  */
| #include <ac_nonexistent.h>
configure:6514: checking for ANSI C header files
configure:6534: gcc -c -g -O2  conftest.c >&5
configure:6534: $? = 0
configure:6607: gcc -o conftest -g -O2   conftest.c  >&5
configure:6607: $? = 0
configure:6607: ./conftest
configure:6607: $? = 0
configure:6618: result: yes
configure:6631: checking for sys/types.h
configure:6631: gcc -c -g -O2  conftest.c >&5
configure:6631: $? = 0
configure:6631: result: yes
configure:6631: checking for sys/stat.h
configure:6631: gcc -c -g -O2  conftest.c >&5
configure:6631: $? = 0
configure:6631: result: yes
configure:6631: checking for stdlib.h
configure:6631: gcc -c -g -O2  conftest.c >&5
configure:6631: $? = 0
configure:6631: result: yes
configure:6631: checking for string.h
configure:6631: gcc -c -g -O2  conftest.c >&5
configure:6631: $? = 0
configure:6631: result: yes
configure:6631: checking for memory.h
configure:6631: gcc -c -g -O2  conftest.c >&5
configure:6631: $? = 0
configure:6631: result: yes
configure:6631: checking for strings.h
configure:6631: gcc -c -g -O2  conftest.c >&5
configure:6631: $? = 0
configure:6631: result: yes
configure:6631: checking for inttypes.h
configure:6631: gcc -c -g -O2  conftest.c >&5
configure:6631: $? = 0
configure:6631: result: yes
configure:6631: checking for stdint.h
configure:6631: gcc -c -g -O2  conftest.c >&5
configure:6631: $? = 0
configure:6631: result: yes
configure:6631: checking for unistd.h
configure:6631: gcc -c -g -O2  conftest.c >&5
configure:6631: $? = 0
configure:6631: result: yes
configure:6645: checking for dlfcn.h
configure:6645: gcc -c -g -O2  conftest.c >&5
configure:6645: $? = 0
configure:6645: result: yes
configure:6832: checking for objdir
configure:6847: result: .libs
configure:7114: checking if gcc supports -fno-rtti -fno-exceptions
configure:7132: gcc -c -g -O2  -fno-rtti -fno-exceptions conftest.c >&5
cc1: warning: command line option '-fno-rtti' is valid for C++/ObjC++ but not for C [enabled by default]
configure:7136: $? = 0
configure:7149: result: no
configure:7169: checking for gcc option to produce PIC
configure:7454: result: -fPIC -DPIC
configure:7466: checking if gcc PIC flag -fPIC -DPIC works
configure:7484: gcc -c -g -O2  -fPIC -DPIC -DPIC conftest.c >&5
configure:7488: $? = 0
configure:7501: result: yes
configure:7525: checking if gcc static flag -static works
configure:7553: result: no
configure:7568: checking if gcc supports -c -o file.o
configure:7589: gcc -c -g -O2  -o out/conftest2.o conftest.c >&5
configure:7593: $? = 0
configure:7615: result: yes
configure:7623: checking if gcc supports -c -o file.o
configure:7670: result: yes
configure:7703: checking whether the gcc linker (/usr/x86_64-suse-linux/bin/ld -m elf_x86_64) supports shared libraries
configure:8778: result: yes
configure:8815: checking whether -lc should be explicitly linked in
configure:8823: gcc -c -g -O2  conftest.c >&5
configure:8826: $? = 0
configure:8841: gcc -shared conftest.o  -v -Wl,-soname -Wl,conftest -o conftest 2\>\&1 \| /usr/bin/grep  -lc  \>/dev/null 2\>\&1
configure:8844: $? = 0
configure:8858: result: no
configure:9023: checking dynamic linker characteristics
configure:9491: gcc -o conftest -g -O2   -Wl,-rpath -Wl,/foo conftest.c  >&5
configure:9491: $? = 0
configure:9713: result: GNU/Linux ld.so
configure:9820: checking how to hardcode library paths into programs
configure:9845: result: immediate
configure:10385: checking whether stripping libraries is possible
configure:10390: result: yes
configure:10425: checking if libtool supports shared libraries
configure:10427: result: yes
configure:10430: checking whether to build shared libraries
configure:10451: result: yes
configure:10454: checking whether to build static libraries
configure:10458: result: yes
configure:10493: checking for inline
configure:10509: gcc -c -g -O2  conftest.c >&5
configure:10509: $? = 0
configure:10517: result: inline
configure:10536: checking whether gcc and cc understand -c and -o together
configure:10567: gcc -c conftest.c -o conftest2.o >&5
configure:10571: $? = 0
configure:10577: gcc -c conftest.c -o conftest2.o >&5
configure:10581: $? = 0
configure:10592: cc -c conftest.c >&5
configure:10596: $? = 0
configure:10604: cc -c conftest.c -o conftest2.o >&5
configure:10608: $? = 0
configure:10614: cc -c conftest.c -o conftest2.o >&5
configure:10618: $? = 0
configure:10636: result: yes
configure:10727: checking for pkg-config
configure:10745: found /usr/bin/pkg-config
configure:10757: result: /usr/bin/pkg-config
configure:10782: checking pkg-config is at least version 0.9.0
configure:10785: result: yes
configure:10795: checking for LIBUSB_1_0
configure:10802: $PKG_CONFIG --exists --print-errors "libusb-1.0 >= 0.9.1"
configure:10805: $? = 0
configure:10818: $PKG_CONFIG --exists --print-errors "libusb-1.0 >= 0.9.1"
configure:10821: $? = 0
configure:10878: result: yes
configure:10943: gcc -c -g -O2 -fgnu89-inline  conftest.c >&5
configure:10943: $? = 0
configure:11096: creating ./config.status

## ---------------------- ##
## Running config.status. ##
## ---------------------- ##

This file was extended by libusb-compat config.status 0.1.4, which was
generated by GNU Autoconf 2.68.  Invocation command line was

  CONFIG_FILES    = 
  CONFIG_HEADERS  = 
  CONFIG_LINKS    = 
  CONFIG_COMMANDS = 
  $ ./config.status 

on linux-rjni.site

config.status:1094: creating libusb.pc
config.status:1094: creating libusb-config
config.status:1094: creating Makefile
config.status:1094: creating libusb/Makefile
config.status:1094: creating examples/Makefile
config.status:1094: creating config.h
config.status:1275: config.h is unchanged
config.status:1323: executing depfiles commands
config.status:1323: executing libtool commands
config.status:1323: executing default commands

## ---------------- ##
## Cache variables. ##
## ---------------- ##

ac_cv_build=x86_64-unknown-linux-gnu
ac_cv_c_compiler_gnu=yes
ac_cv_c_inline=inline
ac_cv_env_CC_set=
ac_cv_env_CC_value=
ac_cv_env_CFLAGS_set=
ac_cv_env_CFLAGS_value=
ac_cv_env_CPPFLAGS_set=
ac_cv_env_CPPFLAGS_value=
ac_cv_env_CPP_set=
ac_cv_env_CPP_value=
ac_cv_env_LDFLAGS_set=
ac_cv_env_LDFLAGS_value=
ac_cv_env_LIBS_set=
ac_cv_env_LIBS_value=
ac_cv_env_LIBUSB_1_0_CFLAGS_set=
ac_cv_env_LIBUSB_1_0_CFLAGS_value=
ac_cv_env_LIBUSB_1_0_LIBS_set=
ac_cv_env_LIBUSB_1_0_LIBS_value=
ac_cv_env_PKG_CONFIG_LIBDIR_set=
ac_cv_env_PKG_CONFIG_LIBDIR_value=
ac_cv_env_PKG_CONFIG_PATH_set=
ac_cv_env_PKG_CONFIG_PATH_value=
ac_cv_env_PKG_CONFIG_set=
ac_cv_env_PKG_CONFIG_value=
ac_cv_env_build_alias_set=
ac_cv_env_build_alias_value=
ac_cv_env_host_alias_set=
ac_cv_env_host_alias_value=
ac_cv_env_target_alias_set=
ac_cv_env_target_alias_value=
ac_cv_header_dlfcn_h=yes
ac_cv_header_inttypes_h=yes
ac_cv_header_memory_h=yes
ac_cv_header_stdc=yes
ac_cv_header_stdint_h=yes
ac_cv_header_stdlib_h=yes
ac_cv_header_string_h=yes
ac_cv_header_strings_h=yes
ac_cv_header_sys_stat_h=yes
ac_cv_header_sys_types_h=yes
ac_cv_header_unistd_h=yes
ac_cv_host=x86_64-unknown-linux-gnu
ac_cv_objext=o
ac_cv_path_EGREP='/usr/bin/grep -E'
ac_cv_path_FGREP='/usr/bin/grep -F'
ac_cv_path_GREP=/usr/bin/grep
ac_cv_path_SED=/usr/bin/sed
ac_cv_path_ac_pt_PKG_CONFIG=/usr/bin/pkg-config
ac_cv_path_install='/usr/bin/install -c'
ac_cv_path_mkdir=/usr/bin/mkdir
ac_cv_prog_AWK=gawk
ac_cv_prog_CPP='gcc -E'
ac_cv_prog_ac_ct_AR=ar
ac_cv_prog_ac_ct_CC=gcc
ac_cv_prog_ac_ct_OBJDUMP=objdump
ac_cv_prog_ac_ct_RANLIB=ranlib
ac_cv_prog_ac_ct_STRIP=strip
ac_cv_prog_cc_c89=
ac_cv_prog_cc_g=yes
ac_cv_prog_cc_gcc_c_o=yes
ac_cv_prog_make_make_set=yes
am_cv_CC_dependencies_compiler_type=gcc3
lt_cv_archive_cmds_need_lc=no
lt_cv_deplibs_check_method=pass_all
lt_cv_file_magic_cmd='$MAGIC_CMD'
lt_cv_file_magic_test_file=
lt_cv_ld_reload_flag=-r
lt_cv_nm_interface='BSD nm'
lt_cv_objdir=.libs
lt_cv_path_LD=/usr/x86_64-suse-linux/bin/ld
lt_cv_path_NM='/usr/bin/nm -B'
lt_cv_prog_compiler_c_o=yes
lt_cv_prog_compiler_pic_works=yes
lt_cv_prog_compiler_rtti_exceptions=no
lt_cv_prog_compiler_static_works=no
lt_cv_prog_gnu_ld=yes
lt_cv_shlibpath_overrides_runpath=yes
lt_cv_sys_global_symbol_pipe='sed -n -e '\''s/^.*[	 ]\([ABCDGIRSTW][ABCDGIRSTW]*\)[	 ][	 ]*\([_A-Za-z][_A-Za-z0-9]*\)$/\1 \2 \2/p'\'''
lt_cv_sys_global_symbol_to_c_name_address='sed -n -e '\''s/^: \([^ ]*\) $/  {\"\1\", (void *) 0},/p'\'' -e '\''s/^[ABCDGIRSTW]* \([^ ]*\) \([^ ]*\)$/  {"\2", (void *) \&\2},/p'\'''
lt_cv_sys_global_symbol_to_c_name_address_lib_prefix='sed -n -e '\''s/^: \([^ ]*\) $/  {\"\1\", (void *) 0},/p'\'' -e '\''s/^[ABCDGIRSTW]* \([^ ]*\) \(lib[^ ]*\)$/  {"\2", (void *) \&\2},/p'\'' -e '\''s/^[ABCDGIRSTW]* \([^ ]*\) \([^ ]*\)$/  {"lib\2", (void *) \&\2},/p'\'''
lt_cv_sys_global_symbol_to_cdecl='sed -n -e '\''s/^T .* \(.*\)$/extern int \1();/p'\'' -e '\''s/^[ABCDGIRSTW]* .* \(.*\)$/extern char \1;/p'\'''
lt_cv_sys_max_cmd_len=1572864
pkg_cv_LIBUSB_1_0_CFLAGS='-I/usr/local/include/libusb-1.0 '
pkg_cv_LIBUSB_1_0_LIBS='-L/usr/local/lib64 -lusb-1.0 '

## ----------------- ##
## Output variables. ##
## ----------------- ##

ACLOCAL='${SHELL} /home/oleh/Projects/Copter/Coopter/Coopter/libs/linux/libusb-compat-0.1.4/missing --run aclocal-1.11'
AMDEPBACKSLASH='\'
AMDEP_FALSE='#'
AMDEP_TRUE=''
AMTAR='${SHELL} /home/oleh/Projects/Copter/Coopter/Coopter/libs/linux/libusb-compat-0.1.4/missing --run tar'
AM_CFLAGS='-std=gnu99 -fgnu89-inline -Wall -Wundef -Wunused -Wstrict-prototypes -Werror-implicit-function-declaration -Wno-pointer-sign -Wshadow'
AR='ar'
AUTOCONF='${SHELL} /home/oleh/Projects/Copter/Coopter/Coopter/libs/linux/libusb-compat-0.1.4/missing --run autoconf'
AUTOHEADER='${SHELL} /home/oleh/Projects/Copter/Coopter/Coopter/libs/linux/libusb-compat-0.1.4/missing --run autoheader'
AUTOMAKE='${SHELL} /home/oleh/Projects/Copter/Coopter/Coopter/libs/linux/libusb-compat-0.1.4/missing --run automake-1.11'
AWK='gawk'
BUILD_EXAMPLES_FALSE=''
BUILD_EXAMPLES_TRUE='#'
CC='gcc'
CCDEPMODE='depmode=gcc3'
CFLAGS='-g -O2'
CPP='gcc -E'
CPPFLAGS=''
CYGPATH_W='echo'
DEFS='-DHAVE_CONFIG_H'
DEPDIR='.deps'
DSYMUTIL=''
DUMPBIN=''
ECHO_C=''
ECHO_N='-n'
ECHO_T=''
EGREP='/usr/bin/grep -E'
EXEEXT=''
FGREP='/usr/bin/grep -F'
GREP='/usr/bin/grep'
INSTALL_DATA='${INSTALL} -m 644'
INSTALL_PROGRAM='${INSTALL}'
INSTALL_SCRIPT='${INSTALL}'
INSTALL_STRIP_PROGRAM='$(install_sh) -c -s'
LD='/usr/x86_64-suse-linux/bin/ld -m elf_x86_64'
LDFLAGS=''
LIBOBJS=''
LIBS=''
LIBTOOL='$(SHELL) $(top_builddir)/libtool'
LIBUSB01_VERSION='0.1.12'
LIBUSB_1_0_CFLAGS='-I/usr/local/include/libusb-1.0 '
LIBUSB_1_0_LIBS='-L/usr/local/lib64 -lusb-1.0 '
LIPO=''
LN_S='ln -s'
LTLIBOBJS=''
LT_AGE='4'
LT_MAJOR='8'
LT_REVISION='4'
MAKEINFO='${SHELL} /home/oleh/Projects/Copter/Coopter/Coopter/libs/linux/libusb-compat-0.1.4/missing --run makeinfo'
MKDIR_P='/usr/bin/mkdir -p'
NM='/usr/bin/nm -B'
NMEDIT=''
OBJDUMP='objdump'
OBJEXT='o'
OTOOL64=''
OTOOL=''
PACKAGE='libusb-compat'
PACKAGE_BUGREPORT=''
PACKAGE_NAME='libusb-compat'
PACKAGE_STRING='libusb-compat 0.1.4'
PACKAGE_TARNAME='libusb-compat'
PACKAGE_URL=''
PACKAGE_VERSION='0.1.4'
PATH_SEPARATOR=':'
PKG_CONFIG='/usr/bin/pkg-config'
PKG_CONFIG_LIBDIR=''
PKG_CONFIG_PATH=''
RANLIB='ranlib'
SED='/usr/bin/sed'
SET_MAKE=''
SHELL='/bin/sh'
STRIP='strip'
VERSION='0.1.4'
ac_ct_CC='gcc'
ac_ct_DUMPBIN=''
am__EXEEXT_FALSE=''
am__EXEEXT_TRUE='#'
am__fastdepCC_FALSE='#'
am__fastdepCC_TRUE=''
am__include='include'
am__isrc=''
am__leading_dot='.'
am__quote=''
am__tar='${AMTAR} chof - "$$tardir"'
am__untar='${AMTAR} xf -'
bindir='/build'
build='x86_64-unknown-linux-gnu'
build_alias=''
build_cpu='x86_64'
build_os='linux-gnu'
build_vendor='unknown'
datadir='${datarootdir}'
datarootdir='${prefix}/share'
docdir='${datarootdir}/doc/${PACKAGE_TARNAME}'
dvidir='${docdir}'
exec_prefix='${prefix}'
host='x86_64-unknown-linux-gnu'
host_alias=''
host_cpu='x86_64'
host_os='linux-gnu'
host_vendor='unknown'
htmldir='${docdir}'
includedir='${prefix}/include'
infodir='${datarootdir}/info'
install_sh='${SHELL} /home/oleh/Projects/Copter/Coopter/Coopter/libs/linux/libusb-compat-0.1.4/install-sh'
libdir='${exec_prefix}/lib64'
libexecdir='${exec_prefix}/lib'
localedir='${datarootdir}/locale'
localstatedir='${prefix}/var'
mandir='${datarootdir}/man'
mkdir_p='/usr/bin/mkdir -p'
oldincludedir='/usr/include'
pdfdir='${docdir}'
prefix='/usr/local'
program_transform_name='s,x,x,'
psdir='${docdir}'
sbindir='${exec_prefix}/sbin'
sharedstatedir='${prefix}/com'
sysconfdir='${prefix}/etc'
target_alias=''

## ----------- ##
## confdefs.h. ##
## ----------- ##

/* confdefs.h */
#define PACKAGE_NAME "libusb-compat"
#define PACKAGE_TARNAME "libusb-compat"
#define PACKAGE_VERSION "0.1.4"
#define PACKAGE_STRING "libusb-compat 0.1.4"
#define PACKAGE_BUGREPORT ""
#define PACKAGE_URL ""
#define PACKAGE "libusb-compat"
#define VERSION "0.1.4"
#define STDC_HEADERS 1
#define HAVE_SYS_TYPES_H 1
#define HAVE_SYS_STAT_H 1
#define HAVE_STDLIB_H 1
#define HAVE_STRING_H 1
#define HAVE_MEMORY_H 1
#define HAVE_STRINGS_H 1
#define HAVE_INTTYPES_H 1
#define HAVE_STDINT_H 1
#define HAVE_UNISTD_H 1
#define HAVE_DLFCN_H 1
#define LT_OBJDIR ".libs/"
#define ENABLE_LOGGING 1
#define API_EXPORTED __attribute__((visibility("default")))

configure: exit 0
